<?xml version="1.0" encoding="UTF-8"?>
<testng-results ignored="0" total="1" passed="1" failed="0" skipped="0">
  <reporter-output>
  </reporter-output>
  <suite started-at="2023-01-04T10:42:26 PKT" name="Suite" finished-at="2023-01-04T10:42:37 PKT" duration-ms="11211">
    <groups>
    </groups>
    <test started-at="2023-01-04T10:42:26 PKT" name="Test2" finished-at="2023-01-04T10:42:37 PKT" duration-ms="11211">
      <class name="mavenjenkin.TestMavenJenkin">
        <test-method signature="startBrowser()[pri:0, instance:mavenjenkin.TestMavenJenkin@3ee0fea4]" started-at="2023-01-04T10:42:26 PKT" name="startBrowser" finished-at="2023-01-04T10:42:37 PKT" duration-ms="11177" status="PASS">
          <reporter-output>
          </reporter-output>
        </test-method> <!-- startBrowser -->
      </class> <!-- mavenjenkin.TestMavenJenkin -->
    </test> <!-- Test2 -->
  </suite> <!-- Suite -->
</testng-results>
